<?xml version="1.0" encoding="UTF-8"?>
<testsuite xmlns:xsi="http://www.w3.org/2001/XMLSchema-instance" xsi:noNamespaceSchemaLocation="https://maven.apache.org/surefire/maven-surefire-plugin/xsd/surefire-test-report-3.0.xsd" version="3.0" name="org.example.AppTest" time="0.065" tests="4" errors="0" skipped="0" failures="0">
  <properties>
[...]
</properties>
  <testcase name="testMotorcycleType" classname="org.example.AppTest" time="0.031"/>
  <testcase name="testCarType" classname="org.example.AppTest" time="0.001"/>
  <testcase name="testDisplayInfo" classname="org.example.AppTest" time="0.003">
    <system-out><![CDATA[Транспортное средство: Легковой автомобиль
]]></system-out>
  </testcase>
  <testcase name="testTruckType" classname="org.example.AppTest" time="0.002"/>
</testsuite>